<?xml version="1.0" encoding="UTF-8"?>
<testng-results skipped="0" failed="0" ignored="0" total="4" passed="4">
  <reporter-output>
  </reporter-output>
  <suite name="Suite" duration-ms="71" started-at="2021-11-13T09:00:08 IST" finished-at="2021-11-13T09:00:08 IST">
    <groups>
    </groups>
    <test name="Test" duration-ms="71" started-at="2021-11-13T09:00:08 IST" finished-at="2021-11-13T09:00:08 IST">
      <class name="qaclickacademy.Mavenjava.RestAPITest">
        <test-method status="PASS" signature="deleteTwitter()[pri:0, instance:qaclickacademy.Mavenjava.RestAPITest@6adede5]" name="deleteTwitter" duration-ms="7" started-at="2021-11-13T09:00:08 IST" finished-at="2021-11-13T09:00:08 IST">
          <reporter-output>
          </reporter-output>
        </test-method> <!-- deleteTwitter -->
        <test-method status="PASS" signature="postJira()[pri:0, instance:qaclickacademy.Mavenjava.RestAPITest@6adede5]" name="postJira" duration-ms="1" started-at="2021-11-13T09:00:08 IST" finished-at="2021-11-13T09:00:08 IST">
          <reporter-output>
          </reporter-output>
        </test-method> <!-- postJira -->
      </class> <!-- qaclickacademy.Mavenjava.RestAPITest -->
      <class name="qaclickacademy.Mavenjava.AppiumTest">
        <test-method status="PASS" signature="iosApps()[pri:0, instance:qaclickacademy.Mavenjava.AppiumTest@617faa95]" name="iosApps" duration-ms="0" started-at="2021-11-13T09:00:08 IST" finished-at="2021-11-13T09:00:08 IST">
          <reporter-output>
          </reporter-output>
        </test-method> <!-- iosApps -->
        <test-method status="PASS" signature="nativeAppnAndroid()[pri:0, instance:qaclickacademy.Mavenjava.AppiumTest@617faa95]" name="nativeAppnAndroid" duration-ms="0" started-at="2021-11-13T09:00:08 IST" finished-at="2021-11-13T09:00:08 IST">
          <reporter-output>
          </reporter-output>
        </test-method> <!-- nativeAppnAndroid -->
      </class> <!-- qaclickacademy.Mavenjava.AppiumTest -->
    </test> <!-- Test -->
  </suite> <!-- Suite -->
</testng-results>
