<?xml version="1.0" encoding="UTF-8"?>
<!-- Generated by org.testng.reporters.JUnitXMLReporter -->
<testsuite hostname="user-PC" ignored="0" name="Test" tests="4" failures="0" timestamp="2021-11-13T09:00:08 IST" time="0.071" errors="0">
  <testcase name="deleteTwitter" time="0.007" classname="qaclickacademy.Mavenjava.RestAPITest"/>
  <testcase name="postJira" time="0.001" classname="qaclickacademy.Mavenjava.RestAPITest"/>
  <testcase name="iosApps" time="0.0" classname="qaclickacademy.Mavenjava.AppiumTest"/>
  <testcase name="nativeAppnAndroid" time="0.0" classname="qaclickacademy.Mavenjava.AppiumTest"/>
</testsuite> <!-- Test -->
