<?xml version="1.0" encoding="UTF-8"?>
<!-- Generated by org.testng.reporters.JUnitXMLReporter -->
<testsuite hostname="user-PC" ignored="0" name="Command line test" tests="6" failures="0" timestamp="2021-11-10T09:01:44 IST" time="0.111" errors="0">
  <testcase name="iosApps" time="0.007" classname="qaclickacademy.Mavenjava.AppiumTest"/>
  <testcase name="nativeAppnAndroid" time="0.0" classname="qaclickacademy.Mavenjava.AppiumTest"/>
  <testcase name="deleteTwitter" time="0.001" classname="qaclickacademy.Mavenjava.RestAPITest"/>
  <testcase name="postJira" time="0.0" classname="qaclickacademy.Mavenjava.RestAPITest"/>
  <testcase name="browserAutomation" time="0.0" classname="qaclickacademy.Mavenjava.SeleniumTest"/>
  <testcase name="elementUI" time="0.0" classname="qaclickacademy.Mavenjava.SeleniumTest"/>
</testsuite> <!-- Command line test -->
