<?xml version="1.0" encoding="UTF-8"?>
<testng-results skipped="0" failed="0" ignored="0" total="6" passed="6">
  <reporter-output>
  </reporter-output>
  <suite name="Suite" duration-ms="257" started-at="2021-11-10T08:07:27 IST" finished-at="2021-11-10T08:07:28 IST">
    <groups>
    </groups>
    <test name="Test" duration-ms="257" started-at="2021-11-10T08:07:27 IST" finished-at="2021-11-10T08:07:28 IST">
      <class name="qaclickacademy.Mavenjava.RestAPITest">
        <test-method status="PASS" signature="deleteTwitter()[pri:0, instance:qaclickacademy.Mavenjava.RestAPITest@7c29daf3]" name="deleteTwitter" duration-ms="29" started-at="2021-11-10T08:07:28 IST" finished-at="2021-11-10T08:07:28 IST">
          <reporter-output>
          </reporter-output>
        </test-method> <!-- deleteTwitter -->
        <test-method status="PASS" signature="postJira()[pri:0, instance:qaclickacademy.Mavenjava.RestAPITest@7c29daf3]" name="postJira" duration-ms="1" started-at="2021-11-10T08:07:28 IST" finished-at="2021-11-10T08:07:28 IST">
          <reporter-output>
          </reporter-output>
        </test-method> <!-- postJira -->
      </class> <!-- qaclickacademy.Mavenjava.RestAPITest -->
      <class name="qaclickacademy.Mavenjava.AppiumTest">
        <test-method status="PASS" signature="iosApps()[pri:0, instance:qaclickacademy.Mavenjava.AppiumTest@694e1548]" name="iosApps" duration-ms="1" started-at="2021-11-10T08:07:28 IST" finished-at="2021-11-10T08:07:28 IST">
          <reporter-output>
          </reporter-output>
        </test-method> <!-- iosApps -->
        <test-method status="PASS" signature="nativeAppnAndroid()[pri:0, instance:qaclickacademy.Mavenjava.AppiumTest@694e1548]" name="nativeAppnAndroid" duration-ms="2" started-at="2021-11-10T08:07:28 IST" finished-at="2021-11-10T08:07:28 IST">
          <reporter-output>
          </reporter-output>
        </test-method> <!-- nativeAppnAndroid -->
      </class> <!-- qaclickacademy.Mavenjava.AppiumTest -->
      <class name="qaclickacademy.Mavenjava.SeleniumTest">
        <test-method status="PASS" signature="browserAutomation()[pri:0, instance:qaclickacademy.Mavenjava.SeleniumTest@1c3a4799]" name="browserAutomation" duration-ms="1" started-at="2021-11-10T08:07:28 IST" finished-at="2021-11-10T08:07:28 IST">
          <reporter-output>
          </reporter-output>
        </test-method> <!-- browserAutomation -->
        <test-method status="PASS" signature="elementUI()[pri:0, instance:qaclickacademy.Mavenjava.SeleniumTest@1c3a4799]" name="elementUI" duration-ms="1" started-at="2021-11-10T08:07:28 IST" finished-at="2021-11-10T08:07:28 IST">
          <reporter-output>
          </reporter-output>
        </test-method> <!-- elementUI -->
      </class> <!-- qaclickacademy.Mavenjava.SeleniumTest -->
    </test> <!-- Test -->
  </suite> <!-- Suite -->
</testng-results>
