<?xml version="1.0" encoding="UTF-8"?>
<!-- Generated by org.testng.reporters.JUnitXMLReporter -->
<testsuite hostname="user-PC" ignored="0" name="Test" tests="6" failures="0" timestamp="2021-11-10T08:07:28 IST" time="0.257" errors="0">
  <testcase name="deleteTwitter" time="0.029" classname="qaclickacademy.Mavenjava.RestAPITest"/>
  <testcase name="postJira" time="0.001" classname="qaclickacademy.Mavenjava.RestAPITest"/>
  <testcase name="iosApps" time="0.001" classname="qaclickacademy.Mavenjava.AppiumTest"/>
  <testcase name="nativeAppnAndroid" time="0.002" classname="qaclickacademy.Mavenjava.AppiumTest"/>
  <testcase name="browserAutomation" time="0.001" classname="qaclickacademy.Mavenjava.SeleniumTest"/>
  <testcase name="elementUI" time="0.001" classname="qaclickacademy.Mavenjava.SeleniumTest"/>
</testsuite> <!-- Test -->
